[smi.c:483] H2OGetParamBufferPtr() Read variable IhisiParamBuffer failed[smi_func.c:92] FindSmiMainFuncNum() Search IHISI signature...
[smi_func.c:109] FindSmiMainFuncNum() SMI Main Function Number (use default) = 0xEF
[smi.c:232] InitIhisiCmdBufV2() Enter
[smi_func.c:3835] H2OChangeAuth() ExecutionResult: 0xef
[smi.c:238] InitIhisiCmdBufV2() 84h not supported
[smi_func.c:3703] H2OGetReservedMemIHISI() ExecutionResult: 0xef
[Acpi.c:408] GetReservedMemAcpi() Enter
[Acpi.c:177] InitACPITables() 
[Acpi.c:182] InitACPITables() Starting to search RSDP...
[Acpi.c:184] InitACPITables() Search RSDP in UEFI mode...
[WinInsydeAcpi.c:348] H2OGetRsdpPhysicalAddrUefi() Is UEFI mode = TRUE
[WinInsydeAcpi.c:357] H2OGetRsdpPhysicalAddrUefi() Got XSDT raw data!
[WinInsydeAcpi.c:416] H2OGetRsdpPhysicalAddrUefi() APCI Address: start(0x97DB2000), high(0x9A52F000) and low(0x9A386000), size(0x424D000)!
[WinInsydeAcpi.c:52] win_search_rsdp_address() Find RSDP signature!
[WinInsydeAcpi.c:468] H2OGetAcpiEntryUefi() Allocate RSDP successfully
[Acpi.c:40] GetXsdtRsdtTblFromPhy() Read XSDT (64bit)
[Acpi.c:49] GetXsdtRsdtTblFromPhy() XSDT/RSDT Address=9a530728
[WinInsydeAcpi.c:541] GetTableByAddr() Addr=0x9a530728
[Acpi.c:58] GetXsdtRsdtTblFromPhy() This is XSDT (64bit)
[Acpi.c:83] GetAllEntryTables() 
[Acpi.c:100] GetAllEntryTables() Entry count=26
[WinInsydeAcpi.c:541] GetTableByAddr() Addr=0x9a52e000
[Acpi.c:117] GetAllEntryTables() ACPI signature=FACP
[WinInsydeAcpi.c:541] GetTableByAddr() Addr=0x9a6fe000
[Acpi.c:133] GetAllEntryTables() ACPI signature=FACS
[WinInsydeAcpi.c:541] GetTableByAddr() Addr=0x9a4d8000
[Acpi.c:149] GetAllEntryTables() ACPI signature=DSDT
[WinInsydeAcpi.c:541] GetTableByAddr() Addr=0x9a52f000
[Acpi.c:117] GetAllEntryTables() ACPI signature=MCFG
[WinInsydeAcpi.c:541] GetTableByAddr() Addr=0x9a4d7000
[Acpi.c:117] GetAllEntryTables() ACPI signature=FIDT
[WinInsydeAcpi.c:541] GetTableByAddr() Addr=0x9a4d6000
[Acpi.c:117] GetAllEntryTables() ACPI signature=MSDM
[WinInsydeAcpi.c:541] GetTableByAddr() Addr=0x9a4d3000
[Acpi.c:117] GetAllEntryTables() ACPI signature=SSDT
[WinInsydeAcpi.c:541] GetTableByAddr() Addr=0x9a4ce000
[Acpi.c:117] GetAllEntryTables() ACPI signature=SSDT
[WinInsydeAcpi.c:541] GetTableByAddr() Addr=0x9a4ca000
[Acpi.c:117] GetAllEntryTables() ACPI signature=SSDT
[WinInsydeAcpi.c:541] GetTableByAddr() Addr=0x9a4c9000
[Acpi.c:117] GetAllEntryTables() ACPI signature=HPET
[WinInsydeAcpi.c:541] GetTableByAddr() Addr=0x9a4c8000
[Acpi.c:117] GetAllEntryTables() ACPI signature=APIC
[WinInsydeAcpi.c:541] GetTableByAddr() Addr=0x9a4c7000
[Acpi.c:117] GetAllEntryTables() ACPI signature=SSDT
[WinInsydeAcpi.c:541] GetTableByAddr() Addr=0x9a4c5000
[Acpi.c:117] GetAllEntryTables() ACPI signature=SSDT
[WinInsydeAcpi.c:541] GetTableByAddr() Addr=0x9a4c4000
[Acpi.c:117] GetAllEntryTables() ACPI signature=NHLT
[WinInsydeAcpi.c:541] GetTableByAddr() Addr=0x9a4c2000
[Acpi.c:117] GetAllEntryTables() ACPI signature=LPIT
[WinInsydeAcpi.c:541] GetTableByAddr() Addr=0x9a4c0000
[Acpi.c:117] GetAllEntryTables() ACPI signature=SSDT
[WinInsydeAcpi.c:541] GetTableByAddr() Addr=0x9a4bd000
[Acpi.c:117] GetAllEntryTables() ACPI signature=SSDT
[WinInsydeAcpi.c:541] GetTableByAddr() Addr=0x9a4bc000
[Acpi.c:117] GetAllEntryTables() ACPI signature=DBGP
[WinInsydeAcpi.c:541] GetTableByAddr() Addr=0x9a4bb000
[Acpi.c:117] GetAllEntryTables() ACPI signature=DBG2
[WinInsydeAcpi.c:541] GetTableByAddr() Addr=0x9a4ba000
[Acpi.c:117] GetAllEntryTables() ACPI signature=SSDT
[WinInsydeAcpi.c:541] GetTableByAddr() Addr=0x9a4b9000
[Acpi.c:117] GetAllEntryTables() ACPI signature=DMAR
[WinInsydeAcpi.c:541] GetTableByAddr() Addr=0x9a4b8000
[Acpi.c:117] GetAllEntryTables() ACPI signature=SSDT
[WinInsydeAcpi.c:541] GetTableByAddr() Addr=0x9a4b7000
[Acpi.c:117] GetAllEntryTables() ACPI signature=BGRT
[WinInsydeAcpi.c:541] GetTableByAddr() Addr=0x9a389000
[Acpi.c:117] GetAllEntryTables() ACPI signature=WPBT
[WinInsydeAcpi.c:541] GetTableByAddr() Addr=0x9a388000
[Acpi.c:117] GetAllEntryTables() ACPI signature=TPM2
[WinInsydeAcpi.c:541] GetTableByAddr() Addr=0x9a387000
[Acpi.c:117] GetAllEntryTables() ACPI signature=PTDT
[WinInsydeAcpi.c:541] GetTableByAddr() Addr=0x9a4c1000
[Acpi.c:117] GetAllEntryTables() ACPI signature=WSMT
[WinInsydeAcpi.c:541] GetTableByAddr() Addr=0x9a386000
[Acpi.c:117] GetAllEntryTables() ACPI signature=FPDT
[Acpi.c:262] GetAcpiTableRawData() AcpiInfo->Count=28
[Acpi.c:270] GetAcpiTableRawData() Signature=FACP
[Acpi.c:270] GetAcpiTableRawData() Signature=FACS
[Acpi.c:270] GetAcpiTableRawData() Signature=DSDT
[Acpi.c:270] GetAcpiTableRawData() Signature=MCFG
[Acpi.c:270] GetAcpiTableRawData() Signature=FIDT
[Acpi.c:270] GetAcpiTableRawData() Signature=MSDM
[Acpi.c:270] GetAcpiTableRawData() Signature=SSDT
[Acpi.c:270] GetAcpiTableRawData() Signature=SSDT
[Acpi.c:270] GetAcpiTableRawData() Signature=SSDT
[Acpi.c:270] GetAcpiTableRawData() Signature=HPET
[Acpi.c:270] GetAcpiTableRawData() Signature=APIC
[Acpi.c:270] GetAcpiTableRawData() Signature=SSDT
[Acpi.c:270] GetAcpiTableRawData() Signature=SSDT
[Acpi.c:270] GetAcpiTableRawData() Signature=NHLT
[Acpi.c:270] GetAcpiTableRawData() Signature=LPIT
[Acpi.c:270] GetAcpiTableRawData() Signature=SSDT
[Acpi.c:270] GetAcpiTableRawData() Signature=SSDT
[Acpi.c:270] GetAcpiTableRawData() Signature=DBGP
[Acpi.c:270] GetAcpiTableRawData() Signature=DBG2
[Acpi.c:270] GetAcpiTableRawData() Signature=SSDT
[Acpi.c:270] GetAcpiTableRawData() Signature=DMAR
[Acpi.c:270] GetAcpiTableRawData() Signature=SSDT
[Acpi.c:270] GetAcpiTableRawData() Signature=BGRT
[Acpi.c:270] GetAcpiTableRawData() Signature=WPBT
[Acpi.c:270] GetAcpiTableRawData() Signature=TPM2
[Acpi.c:270] GetAcpiTableRawData() Signature=PTDT
[Acpi.c:270] GetAcpiTableRawData() Signature=WSMT
[Acpi.c:270] GetAcpiTableRawData() Signature=FPDT
[Acpi.c:418] GetReservedMemAcpi() IHIS Table Not Found
[Acpi.c:419] GetReservedMemAcpi() Leave
[smi_func.c:278] InitAcpiCmdBuf() This is for KERNEL_DRIVER
[smi_func.c:1670] H2OSmiDumpDmiInfo() return 0x47
[smi_func.c:1670] H2OSmiDumpDmiInfo() return 0x47
[smi_func.c:1719] H2OSmiDumpDmiRawData() return 0x47
